This is pdfTeX, Version 3.141592653-2.6-1.40.25 (MiKTeX 24.1) (preloaded format=pdflatex 2025.11.14)  17 NOV 2025 11:59
entering extended mode
 restricted \write18 enabled.
 file:line:error style messages enabled.
 %&-line parsing enabled.
**c:/Users/csabudan/Desktop/Szakdolgozat/bsc_thesis_work/Szakdolgozat/Thesis/src/thesis.tex
(c:/Users/csabudan/Desktop/Szakdolgozat/bsc_thesis_work/Szakdolgozat/Thesis/src/thesis.tex
LaTeX2e <2023-11-01> patch level 1
L3 programming layer <2024-01-04>
(C:\Users\csabudan\AppData\Local\Programs\MiKTeX\tex/latex/base\report.cls
Document Class: report 2023/05/17 v1.4n Standard LaTeX document class
(C:\Users\csabudan\AppData\Local\Programs\MiKTeX\tex/latex/base\size12.clo
File: size12.clo 2023/05/17 v1.4n Standard LaTeX file (size option)
)
\c@part=\count187
\c@chapter=\count188
\c@section=\count189
\c@subsection=\count190
\c@subsubsection=\count191
\c@paragraph=\count192
\c@subparagraph=\count193
\c@figure=\count194
\c@table=\count195
\abovecaptionskip=\skip48
\belowcaptionskip=\skip49
\bibindent=\dimen140
) (include/packages.tex (C:\Users\csabudan\AppData\Local\Programs\MiKTeX\tex/generic/iftex\ifxetex.sty
Package: ifxetex 2019/10/25 v0.7 ifxetex legacy package. Use iftex instead.
 (C:\Users\csabudan\AppData\Local\Programs\MiKTeX\tex/generic/iftex\iftex.sty
Package: iftex 2022/02/03 v1.0f TeX engine tests
)) (C:\Users\csabudan\AppData\Local\Programs\MiKTeX\tex/generic/iftex\ifluatex.sty
Package: ifluatex 2019/10/25 v1.5 ifluatex legacy package. Use iftex instead.
) (C:\Users\csabudan\AppData\Local\Programs\MiKTeX\tex/latex/base\fontenc.sty
Package: fontenc 2021/04/29 v2.0v Standard LaTeX package
) (C:\Users\csabudan\AppData\Local\Programs\MiKTeX\tex/latex/base\inputenc.sty
Package: inputenc 2021/02/14 v1.3d Input encoding file
\inpenc@prehook=\toks17
\inpenc@posthook=\toks18
) (C:\Users\csabudan\AppData\Local\Programs\MiKTeX\tex/latex/lm\lmodern.sty
Package: lmodern 2015/05/01 v1.6.1 Latin Modern Fonts
LaTeX Font Info:    Overwriting symbol font `operators' in version `normal'
(Font)                  OT1/cmr/m/n --> OT1/lmr/m/n on input line 22.
LaTeX Font Info:    Overwriting symbol font `letters' in version `normal'
(Font)                  OML/cmm/m/it --> OML/lmm/m/it on input line 23.
LaTeX Font Info:    Overwriting symbol font `symbols' in version `normal'
(Font)                  OMS/cmsy/m/n --> OMS/lmsy/m/n on input line 24.
LaTeX Font Info:    Overwriting symbol font `largesymbols' in version `normal'
(Font)                  OMX/cmex/m/n --> OMX/lmex/m/n on input line 25.
LaTeX Font Info:    Overwriting symbol font `operators' in version `bold'
(Font)                  OT1/cmr/bx/n --> OT1/lmr/bx/n on input line 26.
LaTeX Font Info:    Overwriting symbol font `letters' in version `bold'
(Font)                  OML/cmm/b/it --> OML/lmm/b/it on input line 27.
LaTeX Font Info:    Overwriting symbol font `symbols' in version `bold'
(Font)                  OMS/cmsy/b/n --> OMS/lmsy/b/n on input line 28.
LaTeX Font Info:    Overwriting symbol font `largesymbols' in version `bold'
(Font)                  OMX/cmex/m/n --> OMX/lmex/m/n on input line 29.
LaTeX Font Info:    Overwriting math alphabet `\mathbf' in version `normal'
(Font)                  OT1/cmr/bx/n --> OT1/lmr/bx/n on input line 31.
LaTeX Font Info:    Overwriting math alphabet `\mathsf' in version `normal'
(Font)                  OT1/cmss/m/n --> OT1/lmss/m/n on input line 32.
LaTeX Font Info:    Overwriting math alphabet `\mathit' in version `normal'
(Font)                  OT1/cmr/m/it --> OT1/lmr/m/it on input line 33.
LaTeX Font Info:    Overwriting math alphabet `\mathtt' in version `normal'
(Font)                  OT1/cmtt/m/n --> OT1/lmtt/m/n on input line 34.
LaTeX Font Info:    Overwriting math alphabet `\mathbf' in version `bold'
(Font)                  OT1/cmr/bx/n --> OT1/lmr/bx/n on input line 35.
LaTeX Font Info:    Overwriting math alphabet `\mathsf' in version `bold'
(Font)                  OT1/cmss/bx/n --> OT1/lmss/bx/n on input line 36.
LaTeX Font Info:    Overwriting math alphabet `\mathit' in version `bold'
(Font)                  OT1/cmr/bx/it --> OT1/lmr/bx/it on input line 37.
LaTeX Font Info:    Overwriting math alphabet `\mathtt' in version `bold'
(Font)                  OT1/cmtt/m/n --> OT1/lmtt/m/n on input line 38.
)
LaTeX Font Info:    Trying to load font information for T1+lmtt on input line 15.
 (C:\Users\csabudan\AppData\Local\Programs\MiKTeX\tex/latex/lm\t1lmtt.fd
File: t1lmtt.fd 2015/05/01 v1.6.1 Font defs for Latin Modern
) (C:\Users\csabudan\AppData\Local\Programs\MiKTeX\tex/generic/babel\babel.sty
Package: babel 2024/01/07 v24.1 The Babel package
\babel@savecnt=\count196
\U@D=\dimen141
\l@unhyphenated=\language79
 (C:\Users\csabudan\AppData\Local\Programs\MiKTeX\tex/generic/babel\txtbabel.def)
\bbl@readstream=\read2
\bbl@dirlevel=\count197

*************************************
* Local config file bblopts.cfg used
*
(C:\Users\csabudan\AppData\Local\Programs\MiKTeX\tex/latex/arabi\bblopts.cfg
File: bblopts.cfg 2005/09/08 v0.1 add Arabic and Farsi to "declared" options of babel
) (C:\Users\csabudan\AppData\Local\Programs\MiKTeX\tex/latex/babel-english\english.ldf
Language: english 2017/06/06 v3.3r English support from the babel system
Package babel Info: Hyphen rules for 'canadian' set to \l@english
(babel)             (\language0). Reported on input line 102.
Package babel Info: Hyphen rules for 'australian' set to \l@ukenglish
(babel)             (\language73). Reported on input line 105.
Package babel Info: Hyphen rules for 'newzealand' set to \l@ukenglish
(babel)             (\language73). Reported on input line 108.
) (magyar.ldf
Language: magyar 2019/01/14 v1.5c Magyar (Hungarian) support for babel
Package babel Info: Making ` an active character on input line 2819.
\c@footnote@add=\count198
\c@footnote@ch=\count199
)) (C:\Users\csabudan\AppData\Local\Programs\MiKTeX\tex/generic/babel/locale/hu\babel-magyar.tex
Package babel Info: Importing font and identification data for magyar
(babel)             from babel-hu.ini. Reported on input line 11.
) (C:\Users\csabudan\AppData\Local\Programs\MiKTeX\tex/generic/babel/locale/en\babel-english.tex
Package babel Info: Importing font and identification data for english
(babel)             from babel-en.ini. Reported on input line 11.
) (C:\Users\csabudan\AppData\Local\Programs\MiKTeX\tex/latex/emptypage\emptypage.sty
Package: emptypage 2010/05/30 v1.2 Suppress page numbers and headings on empty pages
) (C:\Users\csabudan\AppData\Local\Programs\MiKTeX\tex/latex/amsfonts\amsfonts.sty
Package: amsfonts 2013/01/14 v3.01 Basic AMSFonts support
\@emptytoks=\toks19
\symAMSa=\mathgroup4
\symAMSb=\mathgroup5
LaTeX Font Info:    Redeclaring math symbol \hbar on input line 98.
LaTeX Font Info:    Overwriting math alphabet `\mathfrak' in version `bold'
(Font)                  U/euf/m/n --> U/euf/b/n on input line 106.
) (C:\Users\csabudan\AppData\Local\Programs\MiKTeX\tex/latex/amsmath\amsmath.sty
Package: amsmath 2023/05/13 v2.17o AMS math features
\@mathmargin=\skip50

For additional information on amsmath, use the `?' option.
(C:\Users\csabudan\AppData\Local\Programs\MiKTeX\tex/latex/amsmath\amstext.sty
Package: amstext 2021/08/26 v2.01 AMS text
 (C:\Users\csabudan\AppData\Local\Programs\MiKTeX\tex/latex/amsmath\amsgen.sty
File: amsgen.sty 1999/11/30 v2.0 generic functions
\@emptytoks=\toks20
\ex@=\dimen142
)) (C:\Users\csabudan\AppData\Local\Programs\MiKTeX\tex/latex/amsmath\amsbsy.sty
Package: amsbsy 1999/11/29 v1.2d Bold Symbols
\pmbraise@=\dimen143
) (C:\Users\csabudan\AppData\Local\Programs\MiKTeX\tex/latex/amsmath\amsopn.sty
Package: amsopn 2022/04/08 v2.04 operator names
)
\inf@bad=\count266
LaTeX Info: Redefining \frac on input line 234.
\uproot@=\count267
\leftroot@=\count268
LaTeX Info: Redefining \overline on input line 399.
LaTeX Info: Redefining \colon on input line 410.
\classnum@=\count269
\DOTSCASE@=\count270
LaTeX Info: Redefining \ldots on input line 496.
LaTeX Info: Redefining \dots on input line 499.
LaTeX Info: Redefining \cdots on input line 620.
\Mathstrutbox@=\box51
\strutbox@=\box52
LaTeX Info: Redefining \big on input line 722.
LaTeX Info: Redefining \Big on input line 723.
LaTeX Info: Redefining \bigg on input line 724.
LaTeX Info: Redefining \Bigg on input line 725.
\big@size=\dimen144
LaTeX Font Info:    Redeclaring font encoding OML on input line 743.
LaTeX Font Info:    Redeclaring font encoding OMS on input line 744.
\macc@depth=\count271
LaTeX Info: Redefining \bmod on input line 905.
LaTeX Info: Redefining \pmod on input line 910.
LaTeX Info: Redefining \smash on input line 940.
LaTeX Info: Redefining \relbar on input line 970.
LaTeX Info: Redefining \Relbar on input line 971.
\c@MaxMatrixCols=\count272
\dotsspace@=\muskip16
\c@parentequation=\count273
\dspbrk@lvl=\count274
\tag@help=\toks21
\row@=\count275
\column@=\count276
\maxfields@=\count277
\andhelp@=\toks22
\eqnshift@=\dimen145
\alignsep@=\dimen146
\tagshift@=\dimen147
\tagwidth@=\dimen148
\totwidth@=\dimen149
\lineht@=\dimen150
\@envbody=\toks23
\multlinegap=\skip51
\multlinetaggap=\skip52
\mathdisplay@stack=\toks24
LaTeX Info: Redefining \[ on input line 2953.
LaTeX Info: Redefining \] on input line 2954.
) (C:\Users\csabudan\AppData\Local\Programs\MiKTeX\tex/latex/amsfonts\amssymb.sty
Package: amssymb 2013/01/14 v3.01 AMS font symbols
) (C:\Users\csabudan\AppData\Local\Programs\MiKTeX\tex/latex/booktabs\booktabs.sty
Package: booktabs 2020/01/12 v1.61803398 Publication quality tables
\heavyrulewidth=\dimen151
\lightrulewidth=\dimen152
\cmidrulewidth=\dimen153
\belowrulesep=\dimen154
\belowbottomsep=\dimen155
\aboverulesep=\dimen156
\abovetopsep=\dimen157
\cmidrulesep=\dimen158
\cmidrulekern=\dimen159
\defaultaddspace=\dimen160
\@cmidla=\count278
\@cmidlb=\count279
\@aboverulesep=\dimen161
\@belowrulesep=\dimen162
\@thisruleclass=\count280
\@lastruleclass=\count281
\@thisrulewidth=\dimen163
) (C:\Users\csabudan\AppData\Local\Programs\MiKTeX\tex/latex/graphics\graphicx.sty
Package: graphicx 2021/09/16 v1.2d Enhanced LaTeX Graphics (DPC,SPQR)
 (C:\Users\csabudan\AppData\Local\Programs\MiKTeX\tex/latex/graphics\keyval.sty
Package: keyval 2022/05/29 v1.15 key=value parser (DPC)
\KV@toks@=\toks25
) (C:\Users\csabudan\AppData\Local\Programs\MiKTeX\tex/latex/graphics\graphics.sty
Package: graphics 2022/03/10 v1.4e Standard LaTeX Graphics (DPC,SPQR)
 (C:\Users\csabudan\AppData\Local\Programs\MiKTeX\tex/latex/graphics\trig.sty
Package: trig 2021/08/11 v1.11 sin cos tan (DPC)
) (C:\Users\csabudan\AppData\Local\Programs\MiKTeX\tex/latex/graphics-cfg\graphics.cfg
File: graphics.cfg 2016/06/04 v1.11 sample graphics configuration
)
Package graphics Info: Driver file: pdftex.def on input line 107.
 (C:\Users\csabudan\AppData\Local\Programs\MiKTeX\tex/latex/graphics-def\pdftex.def
File: pdftex.def 2022/09/22 v1.2b Graphics/color driver for pdftex
))
\Gin@req@height=\dimen164
\Gin@req@width=\dimen165
) (C:\Users\csabudan\AppData\Local\Programs\MiKTeX\tex/latex/geometry\geometry.sty
Package: geometry 2020/01/02 v5.9 Page Geometry
 (C:\Users\csabudan\AppData\Local\Programs\MiKTeX\tex/generic/iftex\ifvtex.sty
Package: ifvtex 2019/10/25 v1.7 ifvtex legacy package. Use iftex instead.
)
\Gm@cnth=\count282
\Gm@cntv=\count283
\c@Gm@tempcnt=\count284
\Gm@bindingoffset=\dimen166
\Gm@wd@mp=\dimen167
\Gm@odd@mp=\dimen168
\Gm@even@mp=\dimen169
\Gm@layoutwidth=\dimen170
\Gm@layoutheight=\dimen171
\Gm@layouthoffset=\dimen172
\Gm@layoutvoffset=\dimen173
\Gm@dimlist=\toks26
 (C:\Users\csabudan\AppData\Local\Programs\MiKTeX\tex/latex/geometry\geometry.cfg)) (C:\Users\csabudan\AppData\Local\Programs\MiKTeX\tex/latex/setspace\setspace.sty
Package: setspace 2022/12/04 v6.7b set line spacing
) (C:\Users\csabudan\AppData\Local\Programs\MiKTeX\tex/latex/hyperref\hyperref.sty
Package: hyperref 2023-11-26 v7.01g Hypertext links for LaTeX
 (C:\Users\csabudan\AppData\Local\Programs\MiKTeX\tex/generic/infwarerr\infwarerr.sty
Package: infwarerr 2019/12/03 v1.5 Providing info/warning/error messages (HO)
) (C:\Users\csabudan\AppData\Local\Programs\MiKTeX\tex/latex/kvsetkeys\kvsetkeys.sty
Package: kvsetkeys 2022-10-05 v1.19 Key value parser (HO)
) (C:\Users\csabudan\AppData\Local\Programs\MiKTeX\tex/generic/kvdefinekeys\kvdefinekeys.sty
Package: kvdefinekeys 2019-12-19 v1.6 Define keys (HO)
) (C:\Users\csabudan\AppData\Local\Programs\MiKTeX\tex/generic/pdfescape\pdfescape.sty
Package: pdfescape 2019/12/09 v1.15 Implements pdfTeX's escape features (HO)
 (C:\Users\csabudan\AppData\Local\Programs\MiKTeX\tex/generic/ltxcmds\ltxcmds.sty
Package: ltxcmds 2023-12-04 v1.26 LaTeX kernel commands for general use (HO)
) (C:\Users\csabudan\AppData\Local\Programs\MiKTeX\tex/generic/pdftexcmds\pdftexcmds.sty
Package: pdftexcmds 2020-06-27 v0.33 Utility functions of pdfTeX for LuaTeX (HO)
Package pdftexcmds Info: \pdf@primitive is available.
Package pdftexcmds Info: \pdf@ifprimitive is available.
Package pdftexcmds Info: \pdfdraftmode found.
)) (C:\Users\csabudan\AppData\Local\Programs\MiKTeX\tex/latex/hycolor\hycolor.sty
Package: hycolor 2020-01-27 v1.10 Color options for hyperref/bookmark (HO)
) (C:\Users\csabudan\AppData\Local\Programs\MiKTeX\tex/latex/letltxmacro\letltxmacro.sty
Package: letltxmacro 2019/12/03 v1.6 Let assignment for LaTeX macros (HO)
) (C:\Users\csabudan\AppData\Local\Programs\MiKTeX\tex/latex/auxhook\auxhook.sty
Package: auxhook 2019-12-17 v1.6 Hooks for auxiliary files (HO)
) (C:\Users\csabudan\AppData\Local\Programs\MiKTeX\tex/latex/hyperref\nameref.sty
Package: nameref 2023-11-26 v2.56 Cross-referencing by name of section
 (C:\Users\csabudan\AppData\Local\Programs\MiKTeX\tex/latex/refcount\refcount.sty
Package: refcount 2019/12/15 v3.6 Data extraction from label references (HO)
) (C:\Users\csabudan\AppData\Local\Programs\MiKTeX\tex/generic/gettitlestring\gettitlestring.sty
Package: gettitlestring 2019/12/15 v1.6 Cleanup title references (HO)
 (C:\Users\csabudan\AppData\Local\Programs\MiKTeX\tex/latex/kvoptions\kvoptions.sty
Package: kvoptions 2022-06-15 v3.15 Key value format for package options (HO)
))
\c@section@level=\count285
) (C:\Users\csabudan\AppData\Local\Programs\MiKTeX\tex/latex/etoolbox\etoolbox.sty
Package: etoolbox 2020/10/05 v2.5k e-TeX tools for LaTeX (JAW)
\etb@tempcnta=\count286
)
\@linkdim=\dimen174
\Hy@linkcounter=\count287
\Hy@pagecounter=\count288
 (C:\Users\csabudan\AppData\Local\Programs\MiKTeX\tex/latex/hyperref\pd1enc.def
File: pd1enc.def 2023-11-26 v7.01g Hyperref: PDFDocEncoding definition (HO)
Now handling font encoding PD1 ...
... no UTF-8 mapping file for font encoding PD1
) (C:\Users\csabudan\AppData\Local\Programs\MiKTeX\tex/generic/intcalc\intcalc.sty
Package: intcalc 2019/12/15 v1.3 Expandable calculations with integers (HO)
)
\Hy@SavedSpaceFactor=\count289
 (C:\Users\csabudan\AppData\Local\Programs\MiKTeX\tex/latex/hyperref\puenc.def
File: puenc.def 2023-11-26 v7.01g Hyperref: PDF Unicode definition (HO)
Now handling font encoding PU ...
... no UTF-8 mapping file for font encoding PU
)
Package hyperref Info: Option `unicode' set `true' on input line 4064.
Package hyperref Info: Hyper figures OFF on input line 4181.
Package hyperref Info: Link nesting OFF on input line 4186.
Package hyperref Info: Hyper index ON on input line 4189.
Package hyperref Info: Plain pages OFF on input line 4196.
Package hyperref Info: Backreferencing OFF on input line 4201.
Package hyperref Info: Implicit mode ON; LaTeX internals redefined.
Package hyperref Info: Bookmarks ON on input line 4448.
\c@Hy@tempcnt=\count290
 (C:\Users\csabudan\AppData\Local\Programs\MiKTeX\tex/latex/url\url.sty
\Urlmuskip=\muskip17
Package: url 2013/09/16  ver 3.4  Verb mode for urls, etc.
)
LaTeX Info: Redefining \url on input line 4786.
\XeTeXLinkMargin=\dimen175
 (C:\Users\csabudan\AppData\Local\Programs\MiKTeX\tex/generic/bitset\bitset.sty
Package: bitset 2019/12/09 v1.3 Handle bit-vector datatype (HO)
 (C:\Users\csabudan\AppData\Local\Programs\MiKTeX\tex/generic/bigintcalc\bigintcalc.sty
Package: bigintcalc 2019/12/15 v1.5 Expandable calculations on big integers (HO)
))
\Fld@menulength=\count291
\Field@Width=\dimen176
\Fld@charsize=\dimen177
Package hyperref Info: Hyper figures OFF on input line 6065.
Package hyperref Info: Link nesting OFF on input line 6070.
Package hyperref Info: Hyper index ON on input line 6073.
Package hyperref Info: backreferencing OFF on input line 6080.
Package hyperref Info: Link coloring OFF on input line 6085.
Package hyperref Info: Link coloring with OCG OFF on input line 6090.
Package hyperref Info: PDF/A mode OFF on input line 6095.
 (C:\Users\csabudan\AppData\Local\Programs\MiKTeX\tex/latex/base\atbegshi-ltx.sty
Package: atbegshi-ltx 2021/01/10 v1.0c Emulation of the original atbegshi
package with kernel methods
)
\Hy@abspage=\count292
\c@Item=\count293
\c@Hfootnote=\count294
)
Package hyperref Info: Driver (autodetected): hpdftex.
 (C:\Users\csabudan\AppData\Local\Programs\MiKTeX\tex/latex/hyperref\hpdftex.def
File: hpdftex.def 2023-11-26 v7.01g Hyperref driver for pdfTeX
 (C:\Users\csabudan\AppData\Local\Programs\MiKTeX\tex/latex/base\atveryend-ltx.sty
Package: atveryend-ltx 2020/08/19 v1.0a Emulation of the original atveryend package
with kernel methods
)
\Fld@listcount=\count295
\c@bookmark@seq@number=\count296
 (C:\Users\csabudan\AppData\Local\Programs\MiKTeX\tex/latex/rerunfilecheck\rerunfilecheck.sty
Package: rerunfilecheck 2025-06-21 v1.11 Rerun checks for auxiliary files (HO)
 (C:\Users\csabudan\AppData\Local\Programs\MiKTeX\tex/generic/uniquecounter\uniquecounter.sty
Package: uniquecounter 2019/12/15 v1.4 Provide unlimited unique counter (HO)
)
Package uniquecounter Info: New unique counter `rerunfilecheck' on input line 284.
)
\Hy@SectionHShift=\skip53
) (C:\Users\csabudan\AppData\Local\Programs\MiKTeX\tex/latex/xcolor\xcolor.sty
Package: xcolor 2023/11/15 v3.01 LaTeX color extensions (UK)
 (C:\Users\csabudan\AppData\Local\Programs\MiKTeX\tex/latex/graphics-cfg\color.cfg
File: color.cfg 2016/01/02 v1.6 sample color configuration
)
Package xcolor Info: Driver file: pdftex.def on input line 274.
 (C:\Users\csabudan\AppData\Local\Programs\MiKTeX\tex/latex/graphics\mathcolor.ltx)
Package xcolor Info: Model `cmy' substituted by `cmy0' on input line 1350.
Package xcolor Info: Model `hsb' substituted by `rgb' on input line 1354.
Package xcolor Info: Model `RGB' extended on input line 1366.
Package xcolor Info: Model `HTML' substituted by `rgb' on input line 1368.
Package xcolor Info: Model `Hsb' substituted by `hsb' on input line 1369.
Package xcolor Info: Model `tHsb' substituted by `hsb' on input line 1370.
Package xcolor Info: Model `HSB' substituted by `hsb' on input line 1371.
Package xcolor Info: Model `Gray' substituted by `gray' on input line 1372.
Package xcolor Info: Model `wave' substituted by `hsb' on input line 1373.
) (C:\Users\csabudan\AppData\Local\Programs\MiKTeX\tex/latex/listings\listings.sty
\lst@mode=\count297
\lst@gtempboxa=\box53
\lst@token=\toks27
\lst@length=\count298
\lst@currlwidth=\dimen178
\lst@column=\count299
\lst@pos=\count300
\lst@lostspace=\dimen179
\lst@width=\dimen180
\lst@newlines=\count301
\lst@lineno=\count302
\lst@maxwidth=\dimen181
 (C:\Users\csabudan\AppData\Local\Programs\MiKTeX\tex/latex/listings\lstmisc.sty
File: lstmisc.sty 2023/02/27 1.9 (Carsten Heinz)
\c@lstnumber=\count303
\lst@skipnumbers=\count304
\lst@framebox=\box54
) (C:\Users\csabudan\AppData\Local\Programs\MiKTeX\tex/latex/listings\listings.cfg
File: listings.cfg 2023/02/27 1.9 listings configuration
))
Package: listings 2023/02/27 1.9 (Carsten Heinz)
 (C:\Users\csabudan\AppData\Local\Programs\MiKTeX\tex/latex/ntheorem\ntheorem.sty
Style `ntheorem', Version 1.33 <2011/08/15>
Package: ntheorem 2011/08/15 1.33
(C:\Users\csabudan\AppData\Local\Programs\MiKTeX\tex/latex/base\ifthen.sty
Package: ifthen 2022/04/13 v1.1d Standard LaTeX ifthen package (DPC)
)
\theorem@style=\toks28
\theorem@@style=\toks29
\theorembodyfont=\toks30
\theoremnumbering=\toks31
\theorempreskipamount=\skip54
\theorempostskipamount=\skip55
\theoremframepreskipamount=\skip56
\theoremframepostskipamount=\skip57
\theoreminframepreskipamount=\skip58
\theoreminframepostskipamount=\skip59
\theorem@preskip=\toks32
\theorem@postskip=\toks33
\theorem@framepreskip=\toks34
\theorem@framepostskip=\toks35
\theorem@inframepreskip=\toks36
\theorem@inframepostskip=\toks37
\theoremindent=\dimen182
\theorem@indent=\dimen183
\theoremrightindent=\dimen184
\theorem@rightindent=\dimen185
\theoremheaderfont=\toks38
\theoremseparator=\toks39
\theoremprework=\toks40
\theorempostwork=\toks41
\theoremsymbol=\toks42
\qedsymbol=\toks43
\theoremkeyword=\toks44
\qedsymbol=\toks45
\thm@topsep=\skip60
\thm@topsepadd=\skip61
Package ntheorem Info: Option `thmmarks' loaded on input line 1175.
\c@endNonectr=\count305
\c@currNonectr=\count306
\mysavskip=\skip62
Package ntheorem Info: option `amsmath' handling for `thmmarks' loaded on input line 1175.
\thm@amstmpdepth=\dimen186
\tagwidth=\dimen187
) (C:\Users\csabudan\AppData\Local\Programs\MiKTeX\tex/latex/caption\caption.sty
Package: caption 2023/08/05 v3.6o Customizing captions (AR)
 (C:\Users\csabudan\AppData\Local\Programs\MiKTeX\tex/latex/caption\caption3.sty
Package: caption3 2023/07/31 v2.4d caption3 kernel (AR)
\caption@tempdima=\dimen188
\captionmargin=\dimen189
\caption@leftmargin=\dimen190
\caption@rightmargin=\dimen191
\caption@width=\dimen192
\caption@indent=\dimen193
\caption@parindent=\dimen194
\caption@hangindent=\dimen195
Package caption Info: Standard document class detected.
Package caption Info: hungarian babel package is loaded.
)
\c@caption@flags=\count307
\c@continuedfloat=\count308
Package caption Info: hungarian babel package is loaded.
Package caption Info: hyperref package is loaded.
Package caption Info: listings package is loaded.
) (C:\Users\csabudan\AppData\Local\Programs\MiKTeX\tex/latex/natbib\natbib.sty
Package: natbib 2010/09/13 8.31b (PWD, AO)
\bibhang=\skip63
\bibsep=\skip64
LaTeX Info: Redefining \cite on input line 694.
\c@NAT@ctr=\count309
)) (C:\Users\csabudan\AppData\Local\Programs\MiKTeX\tex/latex/tools\xspace.sty
Package: xspace 2014/10/28 v1.13 Space after command names (DPC,MH)
) (include/thesis-hu.tex) (include/preamble.tex
Package hyperref Info: Option `unicode' set `true' on input line 39.
Package hyperref Info: Option `pdfnewwindow' set `true' on input line 39.
Package hyperref Info: Option `colorlinks' set `true' on input line 39.
\c@currexamplectr=\count310
\c@endexamplectr=\count311
\c@example=\count312
\c@currdefinitionctr=\count313
\c@enddefinitionctr=\count314
\c@definition=\count315
\c@currtheoremctr=\count316
\c@endtheoremctr=\count317
\c@theorem=\count318
)
LaTeX Font Info:    Trying to load font information for T1+lmr on input line 28.
 (C:\Users\csabudan\AppData\Local\Programs\MiKTeX\tex/latex/lm\t1lmr.fd
File: t1lmr.fd 2015/05/01 v1.6.1 Font defs for Latin Modern
) (C:\Users\csabudan\AppData\Local\Programs\MiKTeX\tex/latex/l3backend\l3backend-pdftex.def
File: l3backend-pdftex.def 2024-01-04 L3 backend support: PDF output (pdfTeX)
\l__color_backend_stack_int=\count319
\l__pdf_internal_box=\box55
) (thesis.aux (include/titlepage.aux) (include/declaration.aux) (content/abstract.aux) (content/introduction.aux) (content/theoretical-background.aux) (content/invoice-processing-process-analysis.aux) (content/automated-invoice-processing.aux) (content/results-and-evaluation.aux) (content/acknowledgement.aux) (content/appendices.aux))
\openout1 = `thesis.aux'.

LaTeX Font Info:    Checking defaults for OML/cmm/m/it on input line 28.
LaTeX Font Info:    ... okay on input line 28.
LaTeX Font Info:    Checking defaults for OMS/cmsy/m/n on input line 28.
LaTeX Font Info:    ... okay on input line 28.
LaTeX Font Info:    Checking defaults for OT1/cmr/m/n on input line 28.
LaTeX Font Info:    ... okay on input line 28.
LaTeX Font Info:    Checking defaults for T1/cmr/m/n on input line 28.
LaTeX Font Info:    ... okay on input line 28.
LaTeX Font Info:    Checking defaults for TS1/cmr/m/n on input line 28.
LaTeX Font Info:    ... okay on input line 28.
LaTeX Font Info:    Checking defaults for OMX/cmex/m/n on input line 28.
LaTeX Font Info:    ... okay on input line 28.
LaTeX Font Info:    Checking defaults for U/cmr/m/n on input line 28.
LaTeX Font Info:    ... okay on input line 28.
LaTeX Font Info:    Checking defaults for PD1/pdf/m/n on input line 28.
LaTeX Font Info:    ... okay on input line 28.
LaTeX Font Info:    Checking defaults for PU/pdf/m/n on input line 28.
LaTeX Font Info:    ... okay on input line 28.
 (C:\Users\csabudan\AppData\Local\Programs\MiKTeX\tex/context/base/mkii\supp-pdf.mkii
[Loading MPS to PDF converter (version 2006.09.02).]
\scratchcounter=\count320
\scratchdimen=\dimen196
\scratchbox=\box56
\nofMPsegments=\count321
\nofMParguments=\count322
\everyMPshowfont=\toks46
\MPscratchCnt=\count323
\MPscratchDim=\dimen197
\MPnumerator=\count324
\makeMPintoPDFobject=\count325
\everyMPtoPDFconversion=\toks47
) (C:\Users\csabudan\AppData\Local\Programs\MiKTeX\tex/latex/epstopdf-pkg\epstopdf-base.sty
Package: epstopdf-base 2020-01-24 v2.11 Base part for package epstopdf
Package epstopdf-base Info: Redefining graphics rule for `.eps' on input line 485.
 (C:\Users\csabudan\AppData\Local\Programs\MiKTeX\tex/latex/00miktex\epstopdf-sys.cfg
File: epstopdf-sys.cfg 2021/03/18 v2.0 Configuration of epstopdf for MiKTeX
))
*geometry* driver: auto-detecting
*geometry* detected driver: pdftex
*geometry* verbose mode - [ preamble ] result:
* driver: pdftex
* paper: a4paper
* layout: <same size as paper>
* layoutoffset:(h,v)=(0.0pt,0.0pt)
* modes: 
* h-part:(L,W,R)=(99.58464pt, 426.79135pt, 71.13188pt)
* v-part:(T,H,B)=(79.66771pt, 694.24725pt, 71.13188pt)
* \paperwidth=597.50787pt
* \paperheight=845.04684pt
* \textwidth=426.79135pt
* \textheight=694.24725pt
* \oddsidemargin=27.31465pt
* \evensidemargin=27.31465pt
* \topmargin=-29.60228pt
* \headheight=12.0pt
* \headsep=25.0pt
* \topskip=12.0pt
* \footskip=30.0pt
* \marginparwidth=35.0pt
* \marginparsep=10.0pt
* \columnsep=10.0pt
* \skip\footins=10.8pt plus 4.0pt minus 2.0pt
* \hoffset=0.0pt
* \voffset=0.0pt
* \mag=1000
* \@twocolumnfalse
* \@twosidefalse
* \@mparswitchfalse
* \@reversemarginfalse
* (1in=72.27pt=25.4mm, 1cm=28.453pt)

Package hyperref Info: Link coloring ON on input line 28.
(thesis.out) (thesis.out)
\@outlinefile=\write3
\openout3 = `thesis.out'.

\c@lstlisting=\count326
Package caption Info: Begin \AtBeginDocument code.
Package caption Info: End \AtBeginDocument code.
 (C:\Users\csabudan\AppData\Local\Programs\MiKTeX\tex/latex/base\report.cls
LaTeX Info: Redefining \cal on input line 577.
LaTeX Info: Redefining \mit on input line 578.
)
\openout2 = `include/titlepage.aux'.

 (include/titlepage.tex
Package hyperref Info: Option `pageanchor' set `false' on input line 1.
<figures/bme_logo.pdf, id=254, 705.63625pt x 188.705pt>
File: figures/bme_logo.pdf Graphic file (type pdf)
<use figures/bme_logo.pdf>
Package pdftex.def Info: figures/bme_logo.pdf  used on input line 7.
(pdftex.def)             Requested size: 170.71652pt x 45.65292pt.
LaTeX Font Info:    Trying to load font information for OT1+lmr on input line 20.
 (C:\Users\csabudan\AppData\Local\Programs\MiKTeX\tex/latex/lm\ot1lmr.fd
File: ot1lmr.fd 2015/05/01 v1.6.1 Font defs for Latin Modern
)
LaTeX Font Info:    Trying to load font information for OML+lmm on input line 20.
 (C:\Users\csabudan\AppData\Local\Programs\MiKTeX\tex/latex/lm\omllmm.fd
File: omllmm.fd 2015/05/01 v1.6.1 Font defs for Latin Modern
)
LaTeX Font Info:    Trying to load font information for OMS+lmsy on input line 20.
 (C:\Users\csabudan\AppData\Local\Programs\MiKTeX\tex/latex/lm\omslmsy.fd
File: omslmsy.fd 2015/05/01 v1.6.1 Font defs for Latin Modern
)
LaTeX Font Info:    Trying to load font information for OMX+lmex on input line 20.
 (C:\Users\csabudan\AppData\Local\Programs\MiKTeX\tex/latex/lm\omxlmex.fd
File: omxlmex.fd 2015/05/01 v1.6.1 Font defs for Latin Modern
)
LaTeX Font Info:    External font `lmex10' loaded for size
(Font)              <12> on input line 20.
LaTeX Font Info:    External font `lmex10' loaded for size
(Font)              <8> on input line 20.
LaTeX Font Info:    External font `lmex10' loaded for size
(Font)              <6> on input line 20.
LaTeX Font Info:    Trying to load font information for U+msa on input line 20.
 (C:\Users\csabudan\AppData\Local\Programs\MiKTeX\tex/latex/amsfonts\umsa.fd
File: umsa.fd 2013/01/14 v3.01 AMS symbols A
)
LaTeX Font Info:    Trying to load font information for U+msb on input line 20.
 (C:\Users\csabudan\AppData\Local\Programs\MiKTeX\tex/latex/amsfonts\umsb.fd
File: umsb.fd 2013/01/14 v3.01 AMS symbols B
) [1



{C:/Users/csabudan/AppData/Local/MiKTeX/fonts/map/pdftex/pdftex.map}{C:/Users/csabudan/AppData/Local/Programs/MiKTeX/fonts/enc/dvips/lm/lm-ec.enc} <./figures/bme_logo.pdf>]
Package hyperref Info: Option `pageanchor' set `false' on input line 30.
) (thesis.toc [1



]
Underfull \hbox (badness 7832) in paragraph at lines 64--64
 [][] [][][]\T1/lmr/m/n/12 Id®igényes Lé-pé-sek és Sz¶k Ke-reszt-met-sze-tek 
 []

)
\tf@toc=\write4
\openout4 = `thesis.toc'.

 [2]
\openout2 = `include/declaration.aux'.

 (include/declaration.tex [1


])
\openout2 = `content/abstract.aux'.

 (content/abstract.tex [1





] [2

]
\c@romanPage=\count327
)
\openout2 = `content/introduction.aux'.

 (content/introduction.tex
1. fejezet.
[1





] [2] [3]
LaTeX Font Info:    Trying to load font information for TS1+lmr on input line 90.
 (C:\Users\csabudan\AppData\Local\Programs\MiKTeX\tex/latex/lm\ts1lmr.fd
File: ts1lmr.fd 2015/05/01 v1.6.1 Font defs for Latin Modern
) [4{C:/Users/csabudan/AppData/Local/Programs/MiKTeX/fonts/enc/dvips/lm/lm-ts1.enc}] [5]) [6]
\openout2 = `content/theoretical-background.aux'.

 (content/theoretical-background.tex
2. fejezet.
[7




] [8] [9] [10] [11] [12]) [13] [14]
\openout2 = `content/invoice-processing-process-analysis.aux'.

 (content/invoice-processing-process-analysis.tex
3. fejezet.
[15




] [16]
Underfull \hbox (badness 10000) in paragraph at lines 102--103
[]\T1/lmr/m/n/12 Villanyszámla, Hir-de-té-si
 []

[17] [18] [19] [20] [21] [22]
Underfull \hbox (badness 1163) in paragraph at lines 202--202
[]\T1/lmr/bx/n/14.4 Problémafeltárás: A Ma-nu-á-lis Gya-kor-lat Hi-bái és
 []

[23] [24]) [25] [26]
\openout2 = `content/automated-invoice-processing.aux'.

 (content/automated-invoice-processing.tex
4. fejezet.
) [27




]
\openout2 = `content/results-and-evaluation.aux'.

 (content/results-and-evaluation.tex
5. fejezet.
) [28




]
\openout2 = `content/acknowledgement.aux'.

 (content/acknowledgement.tex) [29




] (thesis.bbl
Underfull \hbox (badness 10000) in paragraph at lines 97--102
[]\T1/lmr/m/n/12 17 sta-tis-tics sho-wing the hid-den cost of in-vo-i-ce er-rors
 []


Underfull \hbox (badness 10000) in paragraph at lines 97--102
\T1/lmr/m/n/12 and re-work, 2025. [] URL  [][]$\T1/lmtt/m/n/12 https : / / resolvepay . com / blog /
 []


Overfull \hbox (21.42473pt too wide) in paragraph at lines 97--102
\T1/lmtt/m/n/12 17-[]statistics-[]showing-[]the-[]hidden-[]cost-[]of-[]invoice-[]errors-[]and-[]rework$[][]\T1/lmr/m/n/12 . 
 []


Underfull \hbox (badness 10000) in paragraph at lines 129--136
[]\T1/lmr/m/n/12 Alison Ba-ran: The hid-den cost of ma-nu-al: What five ext-
 []


Underfull \hbox (badness 10000) in paragraph at lines 129--136
\T1/lmr/m/n/12 ra mi-nutes per in-vo-i-ce is re-ally cost-ing yo-ur ap team,
 []


Underfull \hbox (badness 10000) in paragraph at lines 129--136
\T1/lmr/m/n/12 2025. [] URL  [][]$\T1/lmtt/m/n/12 https : / / www . ascendsoftware . com / blog /
 []


Overfull \hbox (188.22441pt too wide) in paragraph at lines 129--136
\T1/lmtt/m/n/12 the-[]hidden-[]cost-[]of-[]manual-[]what-[]five-[]extra-[]minutes-[]per-[]invoice-[]is-[]really-[]costing-[]your-[]ap-[]team$[][]\T1/lmr/m/n/12 . 
 []


Underfull \hbox (badness 10000) in paragraph at lines 150--155
\T1/lmr/m/n/12 URL  [][]$\T1/lmtt/m/n/12 https : / / learning . sap . com / learning-[]journeys /
 []


Underfull \hbox (badness 10000) in paragraph at lines 150--155
\T1/lmtt/m/n/12 introducing-[]sap-[]ariba-[]procurement-[]functionality /
 []


Underfull \hbox (badness 10000) in paragraph at lines 157--161
\T1/lmr/m/n/12 URL  [][]$\T1/lmtt/m/n/12 https : / / www . deloitte . com / us / en / what-[]we-[]do / capabilities /
 []


Underfull \hbox (badness 10000) in paragraph at lines 163--167
\T1/lmtt/m/n/12 docs / SAP _ S4HANA _ ON-[]PREMISE / f340785101c548c9beeda9284efd18a0 /
 []

[30



]
Underfull \hbox (badness 10000) in paragraph at lines 197--203
[]\T1/lmr/m/n/12 Former Mem-ber: In-vo-i-ce to-le-rance keys - an in-sight -
 []


Underfull \hbox (badness 10000) in paragraph at lines 197--203
\T1/lmr/m/n/12 part 1, 2014. [] URL  [][]$\T1/lmtt/m/n/12 https : / / community . sap . com / t5 /
 []


Underfull \hbox (badness 10000) in paragraph at lines 197--203
\T1/lmtt/m/n/12 enterprise-[]resource-[]planning-[]blog-[]posts-[]by-[]members /
 []


Underfull \hbox (badness 10000) in paragraph at lines 205--211
[]\T1/lmr/m/n/12 Former Mem-ber: In-vo-i-ce to-le-rance keys - an in-sight -
 []


Underfull \hbox (badness 10000) in paragraph at lines 205--211
\T1/lmr/m/n/12 part 2, 2015. [] URL  [][]$\T1/lmtt/m/n/12 https : / / community . sap . com / t5 /
 []


Underfull \hbox (badness 10000) in paragraph at lines 205--211
\T1/lmtt/m/n/12 enterprise-[]resource-[]planning-[]blog-[]posts-[]by-[]members /
 []


Underfull \hbox (badness 4254) in paragraph at lines 213--218
[]\T1/lmr/m/n/12 Future of fi-nance: How you can le-ad with in-sight, not just over-
 []


Underfull \hbox (badness 2781) in paragraph at lines 213--218
\T1/lmr/m/n/12 sight, 2025. [] URL  [][]$\T1/lmtt/m/n/12 https : / / www . pwc . com / us / en / services / consulting /
 []


Overfull \hbox (49.66068pt too wide) in paragraph at lines 228--235
\T1/lmtt/m/n/12 explaining-[]sap-[]business-[]technology-[]platform-[]sap-[]btp-[]to-[]a-[]beginner-[]2025 /
 []


Underfull \hbox (badness 10000) in paragraph at lines 237--243
[]\T1/lmr/m/n/12 Raja Gup-ta: Im-por-tant clo-ud ter-mi-no-lo-gi-es for be-gin-
 []


Underfull \hbox (badness 10000) in paragraph at lines 237--243
\T1/lmr/m/n/12 ners, 2023. [] URL  [][]$\T1/lmtt/m/n/12 https : / / medium . com / @raja . gupta20 /
 []


Underfull \hbox (badness 10000) in paragraph at lines 245--249
\T1/lmr/m/n/12 URL  [][]$\T1/lmtt/m/n/12 httpsNext : / / www . gartner . com / en / information-[]technology /
 []


Underfull \hbox (badness 10000) in paragraph at lines 264--270
[]\T1/lmr/m/n/12 Lingeswar Kar-ren-na-ga-ri: Lo-gis-tics in-vo-i-ce ve-ri-fi-ca-
 []


Underfull \hbox (badness 10000) in paragraph at lines 264--270
\T1/lmr/m/n/12 ti-on, 2024. [] URL  [][]$\T1/lmtt/m/n/12 https : / / community . sap . com / t5 /
 []


Underfull \hbox (badness 10000) in paragraph at lines 264--270
\T1/lmtt/m/n/12 supply-[]chain-[]management-[]blog-[]posts-[]by-[]members /
 []

[31]
Underfull \hbox (badness 10000) in paragraph at lines 272--278
[]\T1/lmr/m/n/12 George Law-ton: Rpa vs. bpm: How are they dif-fe-rent?,
 []


Underfull \hbox (badness 10000) in paragraph at lines 272--278
\T1/lmr/m/n/12 2023. [] URL  [][]$\T1/lmtt/m/n/12 https : / / www . techtarget . com / searchcio / tip /
 []


Underfull \hbox (badness 10000) in paragraph at lines 280--286
\T1/lmr/m/n/12 URL  [][]$\T1/lmtt/m/n/12 https : / / learning . sap . com / learning-[]journeys /
 []


Underfull \hbox (badness 10000) in paragraph at lines 280--286
\T1/lmtt/m/n/12 describing-[]the-[]payables-[]management-[]process-[]in-[]sap-[]s-[]4hana /
 []


Overfull \hbox (64.52464pt too wide) in paragraph at lines 280--286
\T1/lmtt/m/n/12 managing-[]invoice-[]holding-[]and-[]parking _ a6556206-[]6ef1-[]48bb-[]bcb8-[]bdb5d742f88e$[][]\T1/lmr/m/n/12 . 
 []


Underfull \hbox (badness 10000) in paragraph at lines 288--293
[]\T1/lmr/m/n/12 Managing in-vo-i-ces. [] URL  [][]$\T1/lmtt/m/n/12 https : / / learning . sap . com / courses /
 []


Underfull \hbox (badness 10000) in paragraph at lines 288--293
\T1/lmtt/m/n/12 exploring-[]end-[]to-[]end-[]business-[]processes-[]in-[]sap-[]business-[]suite /
 []


Underfull \hbox (badness 10000) in paragraph at lines 303--311
[][]$\T1/lmtt/m/n/12 https : / / www . deloitte . com / lu / en / our-[]thinking / future-[]of-[]advice /
 []


Overfull \hbox (87.4606pt too wide) in paragraph at lines 303--311
\T1/lmtt/m/n/12 from-[]controlling-[]to-[]strategic-[]planning-[]how-[]to-[]maximize-[]your-[]finance-[]function .
 []


Underfull \hbox (badness 10000) in paragraph at lines 319--323
[]\T1/lmr/m/n/12 Parking: Comp-le-te in-vo-i-ces for post-ing (mm-iv-
 []


Underfull \hbox (badness 10000) in paragraph at lines 319--323
\T1/lmr/m/n/12 liv), 2025. [] URL  [][]$\T1/lmtt/m/n/12 https : / / help . sap . com / docs / SAP _
 []


Underfull \hbox (badness 10000) in paragraph at lines 319--323
\T1/lmtt/m/n/12 S4HANA _ ON-[]PREMISE / b54d76b535b74e4aaa852fe31a7974ee /
 []


Underfull \hbox (badness 4660) in paragraph at lines 325--331
\T1/lmr/m/n/12 fu-tu-re of the fi-nance func-ti-on, 2018. [] URL  [][]$\T1/lmtt/m/n/12 https : / / www . mckinsey .
 []


Underfull \hbox (badness 10000) in paragraph at lines 325--331
\T1/lmtt/m/n/12 com / capabilities / strategy-[]and-[]corporate-[]finance / our-[]insights /
 []


Underfull \hbox (badness 10000) in paragraph at lines 333--337
[]\T1/lmr/m/n/12 Processing edi in-vo-i-ces, 2025. [] URL  [][]$\T1/lmtt/m/n/12 https : / / help . sap . com / docs /
 []


Underfull \hbox (badness 10000) in paragraph at lines 333--337
\T1/lmtt/m/n/12 SAP _ S4HANA _ ON-[]PREMISE / af9ef57f504840d2b81be8667206d485 /
 []

[32]
Underfull \hbox (badness 3138) in paragraph at lines 361--368
[]\T1/lmr/m/n/12 Richard Ta-ma-ro: The hid-den costs of ma-nu-al ac-counts payab-le and
 []


Underfull \hbox (badness 1342) in paragraph at lines 361--368
\T1/lmr/m/n/12 how au-to-ma-ti-on sol-ves them, 2025. [] URL  [][]$\T1/lmtt/m/n/12 https : / / caso . com / 2025 / 03 /
 []


Overfull \hbox (72.32463pt too wide) in paragraph at lines 361--368
\T1/lmtt/m/n/12 the-[]hidden-[]costs-[]of-[]manual-[]accounts-[]payable-[]and-[]how-[]automation-[]solves-[]them$[][]\T1/lmr/m/n/12 . 
 []


Underfull \hbox (badness 10000) in paragraph at lines 370--375
[]\T1/lmr/m/n/12 Transform busi-ness with sap busi-ness tech-no-logy plat-
 []


Underfull \hbox (badness 10000) in paragraph at lines 370--375
\T1/lmr/m/n/12 form (sap btp), 2024. [] URL  [][]$\T1/lmtt/m/n/12 https : / / nav-[]it . com /
 []


Overfull \hbox (7.82475pt too wide) in paragraph at lines 370--375
\T1/lmtt/m/n/12 transform-[]business-[]with-[]sap-[]business-[]technology-[]platform-[]sap-[]btp$[][]\T1/lmr/m/n/12 . 
 []


Underfull \hbox (badness 10000) in paragraph at lines 377--381
[]\T1/lmr/m/n/12 What is at-ten-ded vs unat-ten-ded ro-bo-tic pro-cess au-to-ma-ti-
 []


Underfull \hbox (badness 10000) in paragraph at lines 377--381
\T1/lmr/m/n/12 on (rpa)? [] URL  [][]$\T1/lmtt/m/n/12 https : / / www . automationanywhere . com / rpa /
 []


Underfull \hbox (badness 10000) in paragraph at lines 393--398
\T1/lmr/m/n/12 URL  [][]$\T1/lmtt/m/n/12 https : / / www . sap . com / products / technology-[]platform /
 []


Underfull \hbox (badness 10000) in paragraph at lines 400--404
\T1/lmr/m/n/12 URL  [][]$\T1/lmtt/m/n/12 https : / / help . sap . com / docs / build / sap-[]build-[]core /
 []


Underfull \hbox (badness 10000) in paragraph at lines 400--404
\T1/lmtt/m/n/12 what-[]is-[]sap-[]build # loio7e50fa5e724c49d1a4352848275fd3cc _
 []


Underfull \hbox (badness 10000) in paragraph at lines 406--411
[]\T1/lmr/m/n/12 What is sap build work zo-ne, stan-dard edi-ti-on? [] URL  [][]$\T1/lmtt/m/n/12 https :
 []


Underfull \hbox (badness 10000) in paragraph at lines 406--411
\T1/lmtt/m/n/12 / / help . sap . com / docs / build-[]work-[]zone-[]standard-[]edition /
 []


Overfull \hbox (116.92455pt too wide) in paragraph at lines 406--411
\T1/lmtt/m/n/12 sap-[]build-[]work-[]zone-[]standard-[]edition / what-[]is-[]sap-[]build-[]work-[]zone-[]standard-[]edition$[][]\T1/lmr/m/n/12 . 
 []


Underfull \hbox (badness 10000) in paragraph at lines 413--418
\T1/lmr/m/n/12 URL  [][]$\T1/lmtt/m/n/12 https : / / www . sap . com / sea / products / technology-[]platform /
 []

) [33]
\openout2 = `content/appendices.aux'.

 (content/appendices.tex
<figures/TeXstudio.png, id=774, 1002.74625pt x 799.98875pt>
File: figures/TeXstudio.png Graphic file (type png)
<use figures/TeXstudio.png>
Package pdftex.def Info: figures/TeXstudio.png  used on input line 17.
(pdftex.def)             Requested size: 426.79134pt x 340.4973pt.
 [34


 <./figures/TeXstudio.png (PNG copy)>]) [35

{C:/Users/csabudan/AppData/Local/Programs/MiKTeX/fonts/enc/dvips/lm/lm-mathit.enc}{C:/Users/csabudan/AppData/Local/Programs/MiKTeX/fonts/enc/dvips/lm/lm-rm.enc}{C:/Users/csabudan/AppData/Local/Programs/MiKTeX/fonts/enc/dvips/lm/lm-mathsy.enc}{C:/Users/csabudan/AppData/Local/Programs/MiKTeX/fonts/enc/dvips/lm/lm-mathex.enc}]
\tf@thm=\write5
\openout5 = `thesis.thm'.

 (thesis.aux (include/titlepage.aux) (include/declaration.aux) (content/abstract.aux) (content/introduction.aux) (content/theoretical-background.aux) (content/invoice-processing-process-analysis.aux) (content/automated-invoice-processing.aux) (content/results-and-evaluation.aux) (content/acknowledgement.aux) (content/appendices.aux))
 ***********
LaTeX2e <2023-11-01> patch level 1
L3 programming layer <2024-01-04>
 ***********
Package rerunfilecheck Info: File `thesis.out' has not changed.
(rerunfilecheck)             Checksum: 30012C38C69C0034557078D47EABA122;19018.
 ) 
Here is how much of TeX's memory you used:
 17408 strings out of 474486
 292836 string characters out of 5742338
 1945542 words of memory out of 5000000
 39193 multiletter control sequences out of 15000+600000
 622048 words of font info for 72 fonts, out of 8000000 for 9000
 1145 hyphenation exceptions out of 8191
 80i,12n,82p,946b,716s stack positions out of 10000i,1000n,20000p,200000b,200000s
<C:/Users/csabudan/AppData/Local/Programs/MiKTeX/fonts/type1/public/lm/lmbx12.pfb><C:/Users/csabudan/AppData/Local/Programs/MiKTeX/fonts/type1/public/lm/lmbx8.pfb><C:/Users/csabudan/AppData/Local/Programs/MiKTeX/fonts/type1/public/lm/lmbxi10.pfb><C:/Users/csabudan/AppData/Local/Programs/MiKTeX/fonts/type1/public/lm/lmcsc10.pfb><C:/Users/csabudan/AppData/Local/Programs/MiKTeX/fonts/type1/public/lm/lmex10.pfb><C:/Users/csabudan/AppData/Local/Programs/MiKTeX/fonts/type1/public/lm/lmmi12.pfb><C:/Users/csabudan/AppData/Local/Programs/MiKTeX/fonts/type1/public/lm/lmmi8.pfb><C:/Users/csabudan/AppData/Local/Programs/MiKTeX/fonts/type1/public/lm/lmr12.pfb><C:/Users/csabudan/AppData/Local/Programs/MiKTeX/fonts/type1/public/lm/lmr8.pfb><C:/Users/csabudan/AppData/Local/Programs/MiKTeX/fonts/type1/public/lm/lmri12.pfb><C:/Users/csabudan/AppData/Local/Programs/MiKTeX/fonts/type1/public/lm/lmsy10.pfb><C:/Users/csabudan/AppData/Local/Programs/MiKTeX/fonts/type1/public/lm/lmtl10.pfb>
Output written on thesis.pdf (41 pages, 650008 bytes).
PDF statistics:
 893 PDF objects out of 1000 (max. 8388607)
 161 named destinations out of 1000 (max. 500000)
 515 words of extra memory for PDF output out of 10000 (max. 10000000)

