\BOOKMARK [0][-]{chapter*.2}{\376\377\000K\000i\000v\000o\000n\000a\000t}{}% 1
\BOOKMARK [0][-]{chapter*.3}{\376\377\000A\000b\000s\000t\000r\000a\000c\000t}{}% 2
\BOOKMARK [0][-]{chapter.1}{\376\377\000B\000e\000v\000e\000z\000e\000t\000\351\000s}{}% 3
\BOOKMARK [1][-]{section.1.1}{\376\377\000T\000\351\000m\000a\000f\000e\000l\000v\000e\000z\000e\000t\000\351\000s\000:\000\040\000A\000\040\000P\000\351\000n\000z\000\374\000g\000y\000i\000\040\000F\000u\000n\000k\000c\000i\000\363\000\040\000S\000t\000r\000a\000t\000\351\000g\000i\000a\000i\000\040\000\301\000t\000a\000l\000a\000k\000u\000l\000\341\000s\000a\000\040\000v\000\341\000l\000t\000o\000z\000\341\000s}{chapter.1}% 4
\BOOKMARK [2][-]{subsection.1.1.1}{\376\377\000A\000\040\000S\000z\000e\000r\000e\000p\000k\000\366\000r\000\040\000F\000o\000r\000r\000a\000d\000a\000l\000m\000a\000:\000\040\000A\000\040\000T\000r\000a\000n\000z\000a\000k\000c\000i\000\363\000k\000t\000\363\000l\000\040\000a\000\040\000S\000t\000r\000a\000t\000\351\000g\000i\000\341\000i\000g}{section.1.1}% 5
\BOOKMARK [2][-]{subsection.1.1.2}{\376\377\000A\000\040\000V\000\341\000l\000t\000o\000z\000\341\000s\000\040\000G\000\341\000t\000j\000a\000:\000\040\000A\000\040\000M\000a\000n\000u\000\341\000l\000i\000s\000\040\000M\000u\000n\000k\000a\000\040\000F\000o\000g\000s\000\341\000g\000\341\000b\000a\000n}{section.1.1}% 6
\BOOKMARK [2][-]{subsection.1.1.3}{\376\377\000A\000\040\000T\000e\000c\000h\000n\000o\000l\000\363\000g\000i\000a\000\040\000M\000i\000n\000t\000\040\000M\000o\000t\000o\000r\000:\000\040\000A\000u\000t\000o\000m\000a\000t\000i\000z\000\341\000c\000i\000\363\000,\000\040\000A\000I\000\040\000\351\000s\000\040\000A\000d\000a\000t\000o\000k}{section.1.1}% 7
\BOOKMARK [2][-]{subsection.1.1.4}{\376\377\000\332\000j\000\040\000F\000\363\000k\000u\000s\000z\000t\000e\000r\000\374\000l\000e\000t\000e\000k\000:\000\040\000T\001\121\000k\000e\000\341\000r\000a\000m\000l\000\341\000s\000\040\000\351\000s\000\040\000S\000z\000a\000b\000\341\000l\000y\000o\000z\000\363\000i\000\040\000M\000e\000g\000f\000e\000l\000e\000l\000\351\000s}{section.1.1}% 8
\BOOKMARK [2][-]{subsection.1.1.5}{\376\377\000A\000z\000\040\000\301\000t\000a\000l\000a\000k\000u\000l\000\363\000\040\000M\001\161\000k\000\366\000d\000\351\000s\000i\000\040\000M\000o\000d\000e\000l\000l\000\040\000\351\000s\000\040\000a\000\040\000,\000,\000T\000e\000h\000e\000t\000s\000\351\000g\000-\000V\000\341\000l\000s\000\341\000g\000'\000'}{section.1.1}% 9
\BOOKMARK [1][-]{section.1.2}{\376\377\000P\000r\000o\000b\000l\000\351\000m\000a\000f\000e\000l\000v\000e\000t\000\351\000s\000:\000\040\000A\000\040\000M\000a\000n\000u\000\341\000l\000i\000s\000\040\000S\000z\000\341\000m\000l\000a\000f\000e\000l\000d\000o\000l\000g\000o\000z\000\341\000s\000\040\000K\000\366\000l\000t\000s\000\351\000g\000e\000i}{chapter.1}% 10
\BOOKMARK [1][-]{section.1.3}{\376\377\000A\000\040\000M\000e\000g\000o\000l\000d\000\341\000s\000\040\000I\000r\000\341\000n\000y\000a\000:\000\040\000H\000y\000p\000e\000r\000a\000u\000t\000o\000m\000a\000t\000i\000o\000n\000\040\000\351\000s\000\040\000a\000z\000\040\000S\000A\000P\000\040\000B\000u\000i\000l\000d\000\040\000P\000l\000a\000t\000f\000o\000r\000m}{chapter.1}% 11
\BOOKMARK [1][-]{section.1.4}{\376\377\000A\000\040\000S\000z\000a\000k\000d\000o\000l\000g\000o\000z\000a\000t\000\040\000C\000\351\000l\000k\000i\000t\001\161\000z\000\351\000s\000e\000i\000\040\000\351\000s\000\040\000K\000u\000t\000a\000t\000\341\000s\000i\000\040\000K\000\351\000r\000d\000\351\000s\000e\000i}{chapter.1}% 12
\BOOKMARK [1][-]{section.1.5}{\376\377\000A\000\040\000V\000i\000z\000s\000g\000\341\000l\000a\000t\000\040\000F\000\363\000k\000u\000s\000z\000a\000\040\000\351\000s\000\040\000K\000o\000r\000l\000\341\000t\000a\000i}{chapter.1}% 13
\BOOKMARK [1][-]{section.1.6}{\376\377\000A\000\040\000D\000o\000l\000g\000o\000z\000a\000t\000\040\000F\000e\000l\000\351\000p\000\355\000t\000\351\000s\000e}{chapter.1}% 14
\BOOKMARK [0][-]{chapter.2}{\376\377\000E\000L\000M\000\311\000L\000E\000T\000I\000\040\000H\000\301\000T\000T\000\311\000R\000\040\000\311\000S\000\040\000T\000E\000C\000H\000N\000O\000L\000\323\000G\000I\000A\000I\000\040\000A\000L\000A\000P\000O\000K}{}% 15
\BOOKMARK [1][-]{section.2.1}{\376\377\000\334\000z\000l\000e\000t\000i\000\040\000F\000o\000l\000y\000a\000m\000a\000t\000m\000e\000n\000e\000d\000z\000s\000m\000e\000n\000t\000\040\000\050\000B\000P\000M\000\051\000\040\000\351\000s\000\040\000A\000u\000t\000o\000m\000a\000t\000i\000z\000\341\000l\000\341\000s\000i\000\040\000T\000r\000e\000n\000d\000e\000k}{chapter.2}% 16
\BOOKMARK [2][-]{subsection.2.1.1}{\376\377\000\334\000z\000l\000e\000t\000i\000\040\000F\000o\000l\000y\000a\000m\000a\000t\000m\000e\000n\000e\000d\000z\000s\000m\000e\000n\000t\000\040\000\050\000B\000P\000M\000\051\000\040\040\023\000\040\000A\000\040\000S\000t\000r\000a\000t\000\351\000g\000i\000a\000i\000\040\000A\000l\000a\000p}{section.2.1}% 17
\BOOKMARK [2][-]{subsection.2.1.2}{\376\377\000R\000o\000b\000o\000t\000i\000k\000u\000s\000\040\000F\000o\000l\000y\000a\000m\000a\000t\000a\000u\000t\000o\000m\000a\000t\000i\000z\000\341\000l\000\341\000s\000\040\000\050\000R\000P\000A\000\051\000\040\040\023\000\040\000A\000\040\000T\000a\000k\000t\000i\000k\000a\000i\000\040\000E\000s\000z\000k\000\366\000z}{section.2.1}% 18
\BOOKMARK [2][-]{subsection.2.1.3}{\376\377\000A\000\040\000H\000i\000p\000e\000r\000a\000u\000t\000o\000m\000a\000t\000i\000z\000\341\000l\000\341\000s\000\040\000\050\000H\000y\000p\000e\000r\000a\000u\000t\000o\000m\000a\000t\000i\000o\000n\000\051\000\040\040\023\000\040\000A\000\040\000T\000r\000e\000n\000d\000e\000k\000\040\000S\000z\000i\000n\000t\000\351\000z\000i\000s\000e}{section.2.1}% 19
\BOOKMARK [1][-]{section.2.2}{\376\377\000A\000z\000\040\000S\000A\000P\000\040\000S\000t\000r\000a\000t\000\351\000g\000i\000a\000i\000\040\000V\000\341\000l\000a\000s\000z\000a\000:\000\040\000A\000\040\000B\000u\000s\000i\000n\000e\000s\000s\000\040\000T\000e\000c\000h\000n\000o\000l\000o\000g\000y\000\040\000P\000l\000a\000t\000f\000o\000r\000m\000\040\000\050\000B\000T\000P\000\051}{chapter.2}% 20
\BOOKMARK [1][-]{section.2.3}{\376\377\000A\000z\000\040\000S\000A\000P\000\040\000B\000u\000i\000l\000d\000\040\000P\000l\000a\000t\000f\000o\000r\000m\000:\000\040\000A\000\040\000B\000T\000P\000\040\000H\000i\000p\000e\000r\000a\000u\000t\000o\000m\000a\000t\000i\000z\000\341\000l\000\341\000s\000i\000\040\000E\000s\000z\000k\000\366\000z\000t\000\341\000r\000a}{chapter.2}% 21
\BOOKMARK [2][-]{subsection.2.3.1}{\376\377\000A\000\040\000,\000,\000M\000o\000t\000o\000r\000'\000'\000:\000\040\000S\000A\000P\000\040\000B\000u\000i\000l\000d\000\040\000P\000r\000o\000c\000e\000s\000s\000\040\000A\000u\000t\000o\000m\000a\000t\000i\000o\000n\000\040\000\050\000B\000P\000A\000\051\000\040\000E\000s\000z\000k\000\366\000z\000t\000\341\000r\000a}{section.2.3}% 22
\BOOKMARK [2][-]{subsection.2.3.2}{\376\377\000A\000\040\000,\000,\000M\001\161\000s\000z\000e\000r\000f\000a\000l\000'\000'\000:\000\040\000S\000A\000P\000\040\000B\000u\000i\000l\000d\000\040\000W\000o\000r\000k\000\040\000Z\000o\000n\000e}{section.2.3}% 23
\BOOKMARK [1][-]{section.2.4}{\376\377\000F\000e\000j\000e\000z\000e\000t\000\040\000\326\000s\000s\000z\000e\000g\000z\000\351\000s\000e\000:\000\040\000A\000\040\000P\000l\000a\000t\000f\000o\000r\000m\000\040\000K\000o\000m\000p\000o\000n\000e\000n\000s\000e\000i\000n\000e\000k\000\040\000S\000z\000i\000n\000t\000\351\000z\000i\000s\000e}{chapter.2}% 24
\BOOKMARK [0][-]{chapter*.21}{\376\377\000K\000\366\000s\000z\000\366\000n\000e\000t\000n\000y\000i\000l\000v\000\341\000n\000\355\000t\000\341\000s}{}% 25
\BOOKMARK [0][-]{chapter*.21}{\376\377\000I\000r\000o\000d\000a\000l\000o\000m\000j\000e\000g\000y\000z\000\351\000k}{}% 26
\BOOKMARK [0][-]{appendix*.23}{\376\377\000F\000\374\000g\000g\000e\000l\000\351\000k}{}% 27
\BOOKMARK [1][-]{section.F.1}{\376\377\000A\000\040\000T\000e\000X\000s\000t\000u\000d\000i\000o\000\040\000f\000e\000l\000\374\000l\000e\000t\000e}{appendix*.23}% 28
\BOOKMARK [1][-]{section.F.2}{\376\377\000V\000\341\000l\000a\000s\000z\000\040\000a\000z\000\040\000,\000,\000\311\000l\000e\000t\000,\000\040\000a\000\040\000v\000i\000l\000\341\000g\000m\000i\000n\000d\000e\000n\000s\000\351\000g\000,\000\040\000m\000e\000g\000\040\000m\000i\000n\000d\000e\000n\000'\000'\000\040\000k\000\351\000r\000d\000\351\000s\000\351\000r\000e}{appendix*.23}% 29
